# JRE version: OpenJDK Runtime Environment Temurin-25.0.1+8 (25.0.1+8) (build 25.0.1+8-LTS)
# Java VM: OpenJDK 64-Bit Server VM Temurin-25.0.1+8 (25.0.1+8-LTS, mixed mode, sharing, tiered, compressed oops, compressed class ptrs, g1 gc, windows-amd64)
GC Precious Log:
 CardTable entry size: 512
 Card Set container configuration: InlinePtr #cards 5 size 8 Array Of Cards #cards 10 size 36 Howl #buckets 4 coarsen threshold 1843 Howl Bitmap #cards 512 size 80 coarsen threshold 460 Card regions per heap region 1 cards per card region 2048
 CPUs: 8 total, 8 available
 Memory: 7932M
 Large Page Support: Disabled
 NUMA Support: Disabled
 Compressed Oops: Enabled (32-bit)
 Heap Region Size: 1M
 Heap Min Capacity: 8M
 Heap Initial Capacity: 124M
 Heap Max Capacity: 2G
 Pre-touch: Disabled
 Parallel Workers: 8
 Concurrent Workers: 2
 Concurrent Refinement Workers: 8
 Periodic GC: Disabled
Heap:
 garbage-first heap   total reserved 2097152K, committed 102400K, used 64623K [0x0000000080000000, 0x0000000100000000)
  region size 1024K, 28 young (28672K), 2 survivors (2048K)
GC Heap Usage History (14 events):
Event: 1.783 {heap Before GC invocations=0 (full 0):
 garbage-first heap   total reserved 2097152K, committed 129024K, used 52371K [0x0000000080000000, 0x0000000100000000)
  region size 1024K, 47 young (48128K), 0 survivors (0K)
}
Event: 1.795 {heap After GC invocations=1 (full 0):
 garbage-first heap   total reserved 2097152K, committed 129024K, used 11360K [0x0000000080000000, 0x0000000100000000)
  region size 1024K, 6 young (6144K), 6 survivors (6144K)
}
Event: 2.652 {heap Before GC invocations=1 (full 0):
 garbage-first heap   total reserved 2097152K, committed 129024K, used 64608K [0x0000000080000000, 0x0000000100000000)
  region size 1024K, 56 young (57344K), 6 survivors (6144K)
}
Event: 2.662 {heap After GC invocations=2 (full 0):
 garbage-first heap   total reserved 2097152K, committed 129024K, used 17023K [0x0000000080000000, 0x0000000100000000)
  region size 1024K, 5 young (5120K), 5 survivors (5120K)
}
Event: 4.613 {heap Before GC invocations=2 (full 0):
 garbage-first heap   total reserved 2097152K, committed 129024K, used 78463K [0x0000000080000000, 0x0000000100000000)
  region size 1024K, 65 young (66560K), 5 survivors (5120K)
}
Event: 4.621 {heap After GC invocations=3 (full 0):
 garbage-first heap   total reserved 2097152K, committed 129024K, used 22054K [0x0000000080000000, 0x0000000100000000)
  region size 1024K, 9 young (9216K), 9 survivors (9216K)
}
Event: 5.495 {heap Before GC invocations=3 (full 0):
 garbage-first heap   total reserved 2097152K, committed 129024K, used 59942K [0x0000000080000000, 0x0000000100000000)
  region size 1024K, 47 young (48128K), 9 survivors (9216K)
}
Event: 5.505 {heap After GC invocations=4 (full 0):
 garbage-first heap   total reserved 2097152K, committed 129024K, used 25057K [0x0000000080000000, 0x0000000100000000)
  region size 1024K, 8 young (8192K), 8 survivors (8192K)
}
Event: 6.838 {heap Before GC invocations=5 (full 0):
 garbage-first heap   total reserved 2097152K, committed 89088K, used 86497K [0x0000000080000000, 0x0000000100000000)
  region size 1024K, 69 young (70656K), 8 survivors (8192K)
}
Event: 6.851 {heap After GC invocations=6 (full 0):
 garbage-first heap   total reserved 2097152K, committed 102400K, used 29609K [0x0000000080000000, 0x0000000100000000)
  region size 1024K, 8 young (8192K), 8 survivors (8192K)
}
Event: 8.752 {heap Before GC invocations=6 (full 0):
 garbage-first heap   total reserved 2097152K, committed 102400K, used 64425K [0x0000000080000000, 0x0000000100000000)
  region size 1024K, 44 young (45056K), 8 survivors (8192K)
}
Event: 8.760 {heap After GC invocations=7 (full 0):
 garbage-first heap   total reserved 2097152K, committed 102400K, used 33964K [0x0000000080000000, 0x0000000100000000)
  region size 1024K, 5 young (5120K), 5 survivors (5120K)
}
Event: 8.914 {heap Before GC invocations=7 (full 0):
 garbage-first heap   total reserved 2097152K, committed 102400K, used 55468K [0x0000000080000000, 0x0000000100000000)
  region size 1024K, 27 young (27648K), 5 survivors (5120K)
}
Event: 8.920 {heap After GC invocations=8 (full 0):
 garbage-first heap   total reserved 2097152K, committed 102400K, used 34927K [0x0000000080000000, 0x0000000100000000)
  region size 1024K, 2 young (2048K), 2 survivors (2048K)
}

