# JRE version: OpenJDK Runtime Environment Temurin-21.0.10+7 (21.0.10+7) (build 21.0.10+7-LTS)
# Java VM: OpenJDK 64-Bit Server VM Temurin-21.0.10+7 (21.0.10+7-LTS, mixed mode, sharing, tiered, compressed oops, compressed class ptrs, parallel gc, windows-amd64)
GC Precious Log:
 CardTable entry size: 512
 CPUs: 8 total, 8 available
 Memory: 7932M
 Large Page Support: Disabled
 NUMA Support: Disabled
 Compressed Oops: Enabled (32-bit)
 Alignments: Space 512K, Generation 512K, Heap 2M
 Heap Min Capacity: 100M
 Heap Initial Capacity: 100M
 Heap Max Capacity: 2G
 Pre-touch: Disabled
 Parallel Workers: 8
Heap:
 PSYoungGen      total 5632K, used 4175K [0x00000000d5580000, 0x00000000d5c80000, 0x0000000100000000)
  eden space 5120K, 73% used [0x00000000d5580000,0x00000000d592bed8,0x00000000d5a80000)
  from space 512K, 81% used [0x00000000d5a80000,0x00000000d5ae8000,0x00000000d5b00000)
  to   space 512K, 0% used [0x00000000d5c00000,0x00000000d5c00000,0x00000000d5c80000)
 ParOldGen       total 624640K, used 624541K [0x0000000080000000, 0x00000000a6200000, 0x00000000d5580000)
  object space 624640K, 99% used [0x0000000080000000,0x00000000a61e74d0,0x00000000a6200000)
 Metaspace       used 73300K, committed 74880K, reserved 1179648K
  class space    used 8998K, committed 9728K, reserved 1048576K
GC Heap History (20 events):
Event: 348.229 GC heap before
{Heap before GC invocations=1337 (full 3):
 PSYoungGen      total 5120K, used 4537K [0x00000000d5580000, 0x00000000d5b00000, 0x0000000100000000)
  eden space 4096K, 99% used [0x00000000d5580000,0x00000000d597e720,0x00000000d5980000)
  from space 1024K, 43% used [0x00000000d5980000,0x00000000d59f0000,0x00000000d5a80000)
  to   space 512K, 0% used [0x00000000d5a80000,0x00000000d5a80000,0x00000000d5b00000)
 ParOldGen       total 620544K, used 620310K [0x0000000080000000, 0x00000000a5e00000, 0x00000000d5580000)
  object space 620544K, 99% used [0x0000000080000000,0x00000000a5dc59c0,0x00000000a5e00000)
 Metaspace       used 73300K, committed 74880K, reserved 1179648K
  class space    used 8998K, committed 9728K, reserved 1048576K
}
Event: 348.232 GC heap after
{Heap after GC invocations=1337 (full 3):
 PSYoungGen      total 4608K, used 464K [0x00000000d5580000, 0x00000000d5b00000, 0x0000000100000000)
  eden space 4096K, 0% used [0x00000000d5580000,0x00000000d5580000,0x00000000d5980000)
  from space 512K, 90% used [0x00000000d5a80000,0x00000000d5af4010,0x00000000d5b00000)
  to   space 512K, 0% used [0x00000000d5a00000,0x00000000d5a00000,0x00000000d5a80000)
 ParOldGen       total 621056K, used 620678K [0x0000000080000000, 0x00000000a5e80000, 0x00000000d5580000)
  object space 621056K, 99% used [0x0000000080000000,0x00000000a5e219c0,0x00000000a5e80000)
 Metaspace       used 73300K, committed 74880K, reserved 1179648K
  class space    used 8998K, committed 9728K, reserved 1048576K
}
Event: 348.254 GC heap before
{Heap before GC invocations=1338 (full 3):
 PSYoungGen      total 4608K, used 4560K [0x00000000d5580000, 0x00000000d5b00000, 0x0000000100000000)
  eden space 4096K, 100% used [0x00000000d5580000,0x00000000d5980000,0x00000000d5980000)
  from space 512K, 90% used [0x00000000d5a80000,0x00000000d5af4010,0x00000000d5b00000)
  to   space 512K, 0% used [0x00000000d5a00000,0x00000000d5a00000,0x00000000d5a80000)
 ParOldGen       total 621056K, used 620678K [0x0000000080000000, 0x00000000a5e80000, 0x00000000d5580000)
  object space 621056K, 99% used [0x0000000080000000,0x00000000a5e219c0,0x00000000a5e80000)
 Metaspace       used 73300K, committed 74880K, reserved 1179648K
  class space    used 8998K, committed 9728K, reserved 1048576K
}
Event: 348.257 GC heap after
{Heap after GC invocations=1338 (full 3):
 PSYoungGen      total 4608K, used 416K [0x00000000d5580000, 0x00000000d5b00000, 0x0000000100000000)
  eden space 4096K, 0% used [0x00000000d5580000,0x00000000d5580000,0x00000000d5980000)
  from space 512K, 81% used [0x00000000d5a00000,0x00000000d5a68000,0x00000000d5a80000)
  to   space 512K, 0% used [0x00000000d5a80000,0x00000000d5a80000,0x00000000d5b00000)
 ParOldGen       total 621056K, used 621030K [0x0000000080000000, 0x00000000a5e80000, 0x00000000d5580000)
  object space 621056K, 99% used [0x0000000080000000,0x00000000a5e799c0,0x00000000a5e80000)
 Metaspace       used 73300K, committed 74880K, reserved 1179648K
  class space    used 8998K, committed 9728K, reserved 1048576K
}
Event: 348.271 GC heap before
{Heap before GC invocations=1339 (full 3):
 PSYoungGen      total 4608K, used 4511K [0x00000000d5580000, 0x00000000d5b00000, 0x0000000100000000)
  eden space 4096K, 99% used [0x00000000d5580000,0x00000000d597ff40,0x00000000d5980000)
  from space 512K, 81% used [0x00000000d5a00000,0x00000000d5a68000,0x00000000d5a80000)
  to   space 512K, 0% used [0x00000000d5a80000,0x00000000d5a80000,0x00000000d5b00000)
 ParOldGen       total 621056K, used 621030K [0x0000000080000000, 0x00000000a5e80000, 0x00000000d5580000)
  object space 621056K, 99% used [0x0000000080000000,0x00000000a5e799c0,0x00000000a5e80000)
 Metaspace       used 73300K, committed 74880K, reserved 1179648K
  class space    used 8998K, committed 9728K, reserved 1048576K
}
Event: 348.273 GC heap after
{Heap after GC invocations=1339 (full 3):
 PSYoungGen      total 4608K, used 480K [0x00000000d5580000, 0x00000000d5b00000, 0x0000000100000000)
  eden space 4096K, 0% used [0x00000000d5580000,0x00000000d5580000,0x00000000d5980000)
  from space 512K, 93% used [0x00000000d5a80000,0x00000000d5af8000,0x00000000d5b00000)
  to   space 512K, 0% used [0x00000000d5a00000,0x00000000d5a00000,0x00000000d5a80000)
 ParOldGen       total 621568K, used 621318K [0x0000000080000000, 0x00000000a5f00000, 0x00000000d5580000)
  object space 621568K, 99% used [0x0000000080000000,0x00000000a5ec19c0,0x00000000a5f00000)
 Metaspace       used 73300K, committed 74880K, reserved 1179648K
  class space    used 8998K, committed 9728K, reserved 1048576K
}
Event: 348.294 GC heap before
{Heap before GC invocations=1340 (full 3):
 PSYoungGen      total 4608K, used 4576K [0x00000000d5580000, 0x00000000d5b00000, 0x0000000100000000)
  eden space 4096K, 100% used [0x00000000d5580000,0x00000000d5980000,0x00000000d5980000)
  from space 512K, 93% used [0x00000000d5a80000,0x00000000d5af8000,0x00000000d5b00000)
  to   space 512K, 0% used [0x00000000d5a00000,0x00000000d5a00000,0x00000000d5a80000)
 ParOldGen       total 621568K, used 621318K [0x0000000080000000, 0x00000000a5f00000, 0x00000000d5580000)
  object space 621568K, 99% used [0x0000000080000000,0x00000000a5ec19c0,0x00000000a5f00000)
 Metaspace       used 73300K, committed 74880K, reserved 1179648K
  class space    used 8998K, committed 9728K, reserved 1048576K
}
Event: 348.298 GC heap after
{Heap after GC invocations=1340 (full 3):
 PSYoungGen      total 4608K, used 475K [0x00000000d5580000, 0x00000000d5b00000, 0x0000000100000000)
  eden space 4096K, 0% used [0x00000000d5580000,0x00000000d5580000,0x00000000d5980000)
  from space 512K, 92% used [0x00000000d5a00000,0x00000000d5a76c00,0x00000000d5a80000)
  to   space 512K, 0% used [0x00000000d5a80000,0x00000000d5a80000,0x00000000d5b00000)
 ParOldGen       total 622080K, used 621686K [0x0000000080000000, 0x00000000a5f80000, 0x00000000d5580000)
  object space 622080K, 99% used [0x0000000080000000,0x00000000a5f1d9c0,0x00000000a5f80000)
 Metaspace       used 73300K, committed 74880K, reserved 1179648K
  class space    used 8998K, committed 9728K, reserved 1048576K
}
Event: 348.319 GC heap before
{Heap before GC invocations=1341 (full 3):
 PSYoungGen      total 4608K, used 4571K [0x00000000d5580000, 0x00000000d5b00000, 0x0000000100000000)
  eden space 4096K, 100% used [0x00000000d5580000,0x00000000d5980000,0x00000000d5980000)
  from space 512K, 92% used [0x00000000d5a00000,0x00000000d5a76c00,0x00000000d5a80000)
  to   space 512K, 0% used [0x00000000d5a80000,0x00000000d5a80000,0x00000000d5b00000)
 ParOldGen       total 622080K, used 621686K [0x0000000080000000, 0x00000000a5f80000, 0x00000000d5580000)
  object space 622080K, 99% used [0x0000000080000000,0x00000000a5f1d9c0,0x00000000a5f80000)
 Metaspace       used 73300K, committed 74880K, reserved 1179648K
  class space    used 8998K, committed 9728K, reserved 1048576K
}
Event: 348.322 GC heap after
{Heap after GC invocations=1341 (full 3):
 PSYoungGen      total 4608K, used 416K [0x00000000d5580000, 0x00000000d5b00000, 0x0000000100000000)
  eden space 4096K, 0% used [0x00000000d5580000,0x00000000d5580000,0x00000000d5980000)
  from space 512K, 81% used [0x00000000d5a80000,0x00000000d5ae8000,0x00000000d5b00000)
  to   space 512K, 0% used [0x00000000d5a00000,0x00000000d5a00000,0x00000000d5a80000)
 ParOldGen       total 622080K, used 622006K [0x0000000080000000, 0x00000000a5f80000, 0x00000000d5580000)
  object space 622080K, 99% used [0x0000000080000000,0x00000000a5f6d9c0,0x00000000a5f80000)
 Metaspace       used 73300K, committed 74880K, reserved 1179648K
  class space    used 8998K, committed 9728K, reserved 1048576K
}
Event: 348.344 GC heap before
{Heap before GC invocations=1342 (full 3):
 PSYoungGen      total 4608K, used 4512K [0x00000000d5580000, 0x00000000d5b00000, 0x0000000100000000)
  eden space 4096K, 100% used [0x00000000d5580000,0x00000000d5980000,0x00000000d5980000)
  from space 512K, 81% used [0x00000000d5a80000,0x00000000d5ae8000,0x00000000d5b00000)
  to   space 512K, 0% used [0x00000000d5a00000,0x00000000d5a00000,0x00000000d5a80000)
 ParOldGen       total 622080K, used 622006K [0x0000000080000000, 0x00000000a5f80000, 0x00000000d5580000)
  object space 622080K, 99% used [0x0000000080000000,0x00000000a5f6d9c0,0x00000000a5f80000)
 Metaspace       used 73300K, committed 74880K, reserved 1179648K
  class space    used 8998K, committed 9728K, reserved 1048576K
}
Event: 348.347 GC heap after
{Heap after GC invocations=1342 (full 3):
 PSYoungGen      total 4608K, used 504K [0x00000000d5580000, 0x00000000d5b80000, 0x0000000100000000)
  eden space 4096K, 0% used [0x00000000d5580000,0x00000000d5580000,0x00000000d5980000)
  from space 512K, 98% used [0x00000000d5a00000,0x00000000d5a7e008,0x00000000d5a80000)
  to   space 1024K, 0% used [0x00000000d5a80000,0x00000000d5a80000,0x00000000d5b80000)
 ParOldGen       total 622592K, used 622390K [0x0000000080000000, 0x00000000a6000000, 0x00000000d5580000)
  object space 622592K, 99% used [0x0000000080000000,0x00000000a5fcd9c0,0x00000000a6000000)
 Metaspace       used 73300K, committed 74880K, reserved 1179648K
  class space    used 8998K, committed 9728K, reserved 1048576K
}
Event: 348.370 GC heap before
{Heap before GC invocations=1343 (full 3):
 PSYoungGen      total 4608K, used 4599K [0x00000000d5580000, 0x00000000d5b80000, 0x0000000100000000)
  eden space 4096K, 99% used [0x00000000d5580000,0x00000000d597fff0,0x00000000d5980000)
  from space 512K, 98% used [0x00000000d5a00000,0x00000000d5a7e008,0x00000000d5a80000)
  to   space 1024K, 0% used [0x00000000d5a80000,0x00000000d5a80000,0x00000000d5b80000)
 ParOldGen       total 622592K, used 622390K [0x0000000080000000, 0x00000000a6000000, 0x00000000d5580000)
  object space 622592K, 99% used [0x0000000080000000,0x00000000a5fcd9c0,0x00000000a6000000)
 Metaspace       used 73300K, committed 74880K, reserved 1179648K
  class space    used 8998K, committed 9728K, reserved 1048576K
}
Event: 348.372 GC heap after
{Heap after GC invocations=1343 (full 3):
 PSYoungGen      total 5120K, used 480K [0x00000000d5580000, 0x00000000d5b80000, 0x0000000100000000)
  eden space 4096K, 0% used [0x00000000d5580000,0x00000000d5580000,0x00000000d5980000)
  from space 1024K, 46% used [0x00000000d5a80000,0x00000000d5af8000,0x00000000d5b80000)
  to   space 1024K, 0% used [0x00000000d5980000,0x00000000d5980000,0x00000000d5a80000)
 ParOldGen       total 623104K, used 622878K [0x0000000080000000, 0x00000000a6080000, 0x00000000d5580000)
  object space 623104K, 99% used [0x0000000080000000,0x00000000a60479c8,0x00000000a6080000)
 Metaspace       used 73300K, committed 74880K, reserved 1179648K
  class space    used 8998K, committed 9728K, reserved 1048576K
}
Event: 348.393 GC heap before
{Heap before GC invocations=1344 (full 3):
 PSYoungGen      total 5120K, used 4576K [0x00000000d5580000, 0x00000000d5b80000, 0x0000000100000000)
  eden space 4096K, 100% used [0x00000000d5580000,0x00000000d5980000,0x00000000d5980000)
  from space 1024K, 46% used [0x00000000d5a80000,0x00000000d5af8000,0x00000000d5b80000)
  to   space 1024K, 0% used [0x00000000d5980000,0x00000000d5980000,0x00000000d5a80000)
 ParOldGen       total 623104K, used 622878K [0x0000000080000000, 0x00000000a6080000, 0x00000000d5580000)
  object space 623104K, 99% used [0x0000000080000000,0x00000000a60479c8,0x00000000a6080000)
 Metaspace       used 73300K, committed 74880K, reserved 1179648K
  class space    used 8998K, committed 9728K, reserved 1048576K
}
Event: 348.397 GC heap after
{Heap after GC invocations=1344 (full 3):
 PSYoungGen      total 5120K, used 448K [0x00000000d5580000, 0x00000000d5b00000, 0x0000000100000000)
  eden space 4096K, 0% used [0x00000000d5580000,0x00000000d5580000,0x00000000d5980000)
  from space 1024K, 43% used [0x00000000d5980000,0x00000000d59f0000,0x00000000d5a80000)
  to   space 512K, 0% used [0x00000000d5a80000,0x00000000d5a80000,0x00000000d5b00000)
 ParOldGen       total 623616K, used 623221K [0x0000000080000000, 0x00000000a6100000, 0x00000000d5580000)
  object space 623616K, 99% used [0x0000000080000000,0x00000000a609d4d0,0x00000000a6100000)
 Metaspace       used 73300K, committed 74880K, reserved 1179648K
  class space    used 8998K, committed 9728K, reserved 1048576K
}
Event: 348.417 GC heap before
{Heap before GC invocations=1345 (full 3):
 PSYoungGen      total 5120K, used 4544K [0x00000000d5580000, 0x00000000d5b00000, 0x0000000100000000)
  eden space 4096K, 100% used [0x00000000d5580000,0x00000000d5980000,0x00000000d5980000)
  from space 1024K, 43% used [0x00000000d5980000,0x00000000d59f0000,0x00000000d5a80000)
  to   space 512K, 0% used [0x00000000d5a80000,0x00000000d5a80000,0x00000000d5b00000)
 ParOldGen       total 623616K, used 623221K [0x0000000080000000, 0x00000000a6100000, 0x00000000d5580000)
  object space 623616K, 99% used [0x0000000080000000,0x00000000a609d4d0,0x00000000a6100000)
 Metaspace       used 73300K, committed 74880K, reserved 1179648K
  class space    used 8998K, committed 9728K, reserved 1048576K
}
Event: 348.421 GC heap after
{Heap after GC invocations=1345 (full 3):
 PSYoungGen      total 4608K, used 416K [0x00000000d5580000, 0x00000000d5b00000, 0x0000000100000000)
  eden space 4096K, 0% used [0x00000000d5580000,0x00000000d5580000,0x00000000d5980000)
  from space 512K, 81% used [0x00000000d5a80000,0x00000000d5ae8000,0x00000000d5b00000)
  to   space 512K, 0% used [0x00000000d5a00000,0x00000000d5a00000,0x00000000d5a80000)
 ParOldGen       total 623616K, used 623573K [0x0000000080000000, 0x00000000a6100000, 0x00000000d5580000)
  object space 623616K, 99% used [0x0000000080000000,0x00000000a60f54d0,0x00000000a6100000)
 Metaspace       used 73300K, committed 74880K, reserved 1179648K
  class space    used 8998K, committed 9728K, reserved 1048576K
}
Event: 348.440 GC heap before
{Heap before GC invocations=1346 (full 3):
 PSYoungGen      total 4608K, used 4512K [0x00000000d5580000, 0x00000000d5b00000, 0x0000000100000000)
  eden space 4096K, 100% used [0x00000000d5580000,0x00000000d5980000,0x00000000d5980000)
  from space 512K, 81% used [0x00000000d5a80000,0x00000000d5ae8000,0x00000000d5b00000)
  to   space 512K, 0% used [0x00000000d5a00000,0x00000000d5a00000,0x00000000d5a80000)
 ParOldGen       total 623616K, used 623573K [0x0000000080000000, 0x00000000a6100000, 0x00000000d5580000)
  object space 623616K, 99% used [0x0000000080000000,0x00000000a60f54d0,0x00000000a6100000)
 Metaspace       used 73300K, committed 74880K, reserved 1179648K
  class space    used 8998K, committed 9728K, reserved 1048576K
}
Event: 349.437 GC heap after
{Heap after GC invocations=1346 (full 3):
 PSYoungGen      total 5120K, used 480K [0x00000000d5580000, 0x00000000d5b80000, 0x0000000100000000)
  eden space 4608K, 0% used [0x00000000d5580000,0x00000000d5580000,0x00000000d5a00000)
  from space 512K, 93% used [0x00000000d5a00000,0x00000000d5a78000,0x00000000d5a80000)
  to   space 512K, 0% used [0x00000000d5b00000,0x00000000d5b00000,0x00000000d5b80000)
 ParOldGen       total 624128K, used 623917K [0x0000000080000000, 0x00000000a6180000, 0x00000000d5580000)
  object space 624128K, 99% used [0x0000000080000000,0x00000000a614b4d0,0x00000000a6180000)
 Metaspace       used 73300K, committed 74880K, reserved 1179648K
  class space    used 8998K, committed 9728K, reserved 1048576K
}

