# JRE version: OpenJDK Runtime Environment Temurin-21.0.10+7 (21.0.10+7) (build 21.0.10+7-LTS)
# Java VM: OpenJDK 64-Bit Server VM Temurin-21.0.10+7 (21.0.10+7-LTS, mixed mode, sharing, tiered, compressed oops, compressed class ptrs, parallel gc, windows-amd64)
GC Precious Log:
 CardTable entry size: 512
 CPUs: 8 total, 8 available
 Memory: 7932M
 Large Page Support: Disabled
 NUMA Support: Disabled
 Compressed Oops: Enabled (32-bit)
 Alignments: Space 512K, Generation 512K, Heap 2M
 Heap Min Capacity: 100M
 Heap Initial Capacity: 100M
 Heap Max Capacity: 2G
 Pre-touch: Disabled
 Parallel Workers: 8
Heap:
 PSYoungGen      total 2048K, used 595K [0x00000000d5580000, 0x00000000d5880000, 0x0000000100000000)
  eden space 1536K, 22% used [0x00000000d5580000,0x00000000d55d4fa8,0x00000000d5700000)
  from space 512K, 50% used [0x00000000d5700000,0x00000000d5740000,0x00000000d5780000)
  to   space 512K, 0% used [0x00000000d5800000,0x00000000d5800000,0x00000000d5880000)
 ParOldGen       total 1398272K, used 608257K [0x0000000080000000, 0x00000000d5580000, 0x00000000d5580000)
  object space 1398272K, 43% used [0x0000000080000000,0x00000000a5200770,0x00000000d5580000)
 Metaspace       used 70098K, committed 71680K, reserved 1114112K
  class space    used 8689K, committed 9408K, reserved 1048576K
GC Heap History (20 events):
Event: 4059.810 GC heap before
{Heap before GC invocations=1023 (full 3):
 PSYoungGen      total 2560K, used 2140K [0x00000000d5580000, 0x00000000d5980000, 0x0000000100000000)
  eden space 1024K, 100% used [0x00000000d5580000,0x00000000d5680000,0x00000000d5680000)
  from space 1536K, 72% used [0x00000000d5680000,0x00000000d57973d0,0x00000000d5800000)
  to   space 1536K, 0% used [0x00000000d5800000,0x00000000d5800000,0x00000000d5980000)
 ParOldGen       total 1398272K, used 597192K [0x0000000080000000, 0x00000000d5580000, 0x00000000d5580000)
  object space 1398272K, 42% used [0x0000000080000000,0x00000000a4732010,0x00000000d5580000)
 Metaspace       used 70098K, committed 71680K, reserved 1114112K
  class space    used 8689K, committed 9408K, reserved 1048576K
}
Event: 4059.817 GC heap after
{Heap after GC invocations=1023 (full 3):
 PSYoungGen      total 2560K, used 1147K [0x00000000d5580000, 0x00000000d5980000, 0x0000000100000000)
  eden space 1024K, 0% used [0x00000000d5580000,0x00000000d5580000,0x00000000d5680000)
  from space 1536K, 74% used [0x00000000d5800000,0x00000000d591efa0,0x00000000d5980000)
  to   space 1536K, 0% used [0x00000000d5680000,0x00000000d5680000,0x00000000d5800000)
 ParOldGen       total 1398272K, used 598201K [0x0000000080000000, 0x00000000d5580000, 0x00000000d5580000)
  object space 1398272K, 42% used [0x0000000080000000,0x00000000a482e760,0x00000000d5580000)
 Metaspace       used 70098K, committed 71680K, reserved 1114112K
  class space    used 8689K, committed 9408K, reserved 1048576K
}
Event: 4059.925 GC heap before
{Heap before GC invocations=1024 (full 3):
 PSYoungGen      total 2560K, used 2125K [0x00000000d5580000, 0x00000000d5980000, 0x0000000100000000)
  eden space 1024K, 95% used [0x00000000d5580000,0x00000000d5674730,0x00000000d5680000)
  from space 1536K, 74% used [0x00000000d5800000,0x00000000d591efa0,0x00000000d5980000)
  to   space 1536K, 0% used [0x00000000d5680000,0x00000000d5680000,0x00000000d5800000)
 ParOldGen       total 1398272K, used 598201K [0x0000000080000000, 0x00000000d5580000, 0x00000000d5580000)
  object space 1398272K, 42% used [0x0000000080000000,0x00000000a482e760,0x00000000d5580000)
 Metaspace       used 70098K, committed 71680K, reserved 1114112K
  class space    used 8689K, committed 9408K, reserved 1048576K
}
Event: 4059.931 GC heap after
{Heap after GC invocations=1024 (full 3):
 PSYoungGen      total 2560K, used 1095K [0x00000000d5580000, 0x00000000d5980000, 0x0000000100000000)
  eden space 1024K, 0% used [0x00000000d5580000,0x00000000d5580000,0x00000000d5680000)
  from space 1536K, 71% used [0x00000000d5680000,0x00000000d5791fa0,0x00000000d5800000)
  to   space 1536K, 0% used [0x00000000d5800000,0x00000000d5800000,0x00000000d5980000)
 ParOldGen       total 1398272K, used 599213K [0x0000000080000000, 0x00000000d5580000, 0x00000000d5580000)
  object space 1398272K, 42% used [0x0000000080000000,0x00000000a492b760,0x00000000d5580000)
 Metaspace       used 70098K, committed 71680K, reserved 1114112K
  class space    used 8689K, committed 9408K, reserved 1048576K
}
Event: 4060.073 GC heap before
{Heap before GC invocations=1025 (full 3):
 PSYoungGen      total 2560K, used 2119K [0x00000000d5580000, 0x00000000d5980000, 0x0000000100000000)
  eden space 1024K, 100% used [0x00000000d5580000,0x00000000d5680000,0x00000000d5680000)
  from space 1536K, 71% used [0x00000000d5680000,0x00000000d5791fa0,0x00000000d5800000)
  to   space 1536K, 0% used [0x00000000d5800000,0x00000000d5800000,0x00000000d5980000)
 ParOldGen       total 1398272K, used 599213K [0x0000000080000000, 0x00000000d5580000, 0x00000000d5580000)
  object space 1398272K, 42% used [0x0000000080000000,0x00000000a492b760,0x00000000d5580000)
 Metaspace       used 70098K, committed 71680K, reserved 1114112K
  class space    used 8689K, committed 9408K, reserved 1048576K
}
Event: 4060.079 GC heap after
{Heap after GC invocations=1025 (full 3):
 PSYoungGen      total 2560K, used 1169K [0x00000000d5580000, 0x00000000d5980000, 0x0000000100000000)
  eden space 1024K, 0% used [0x00000000d5580000,0x00000000d5580000,0x00000000d5680000)
  from space 1536K, 76% used [0x00000000d5800000,0x00000000d5924740,0x00000000d5980000)
  to   space 1536K, 0% used [0x00000000d5680000,0x00000000d5680000,0x00000000d5800000)
 ParOldGen       total 1398272K, used 600208K [0x0000000080000000, 0x00000000d5580000, 0x00000000d5580000)
  object space 1398272K, 42% used [0x0000000080000000,0x00000000a4a24130,0x00000000d5580000)
 Metaspace       used 70098K, committed 71680K, reserved 1114112K
  class space    used 8689K, committed 9408K, reserved 1048576K
}
Event: 4060.255 GC heap before
{Heap before GC invocations=1026 (full 3):
 PSYoungGen      total 2560K, used 2193K [0x00000000d5580000, 0x00000000d5980000, 0x0000000100000000)
  eden space 1024K, 100% used [0x00000000d5580000,0x00000000d5680000,0x00000000d5680000)
  from space 1536K, 76% used [0x00000000d5800000,0x00000000d5924740,0x00000000d5980000)
  to   space 1536K, 0% used [0x00000000d5680000,0x00000000d5680000,0x00000000d5800000)
 ParOldGen       total 1398272K, used 600208K [0x0000000080000000, 0x00000000d5580000, 0x00000000d5580000)
  object space 1398272K, 42% used [0x0000000080000000,0x00000000a4a24130,0x00000000d5580000)
 Metaspace       used 70098K, committed 71680K, reserved 1114112K
  class space    used 8689K, committed 9408K, reserved 1048576K
}
Event: 4060.261 GC heap after
{Heap after GC invocations=1026 (full 3):
 PSYoungGen      total 2560K, used 1120K [0x00000000d5580000, 0x00000000d5980000, 0x0000000100000000)
  eden space 1024K, 0% used [0x00000000d5580000,0x00000000d5580000,0x00000000d5680000)
  from space 1536K, 72% used [0x00000000d5680000,0x00000000d57981d0,0x00000000d5800000)
  to   space 1536K, 0% used [0x00000000d5800000,0x00000000d5800000,0x00000000d5980000)
 ParOldGen       total 1398272K, used 601248K [0x0000000080000000, 0x00000000d5580000, 0x00000000d5580000)
  object space 1398272K, 42% used [0x0000000080000000,0x00000000a4b282e0,0x00000000d5580000)
 Metaspace       used 70098K, committed 71680K, reserved 1114112K
  class space    used 8689K, committed 9408K, reserved 1048576K
}
Event: 4060.620 GC heap before
{Heap before GC invocations=1027 (full 3):
 PSYoungGen      total 2560K, used 2144K [0x00000000d5580000, 0x00000000d5980000, 0x0000000100000000)
  eden space 1024K, 100% used [0x00000000d5580000,0x00000000d5680000,0x00000000d5680000)
  from space 1536K, 72% used [0x00000000d5680000,0x00000000d57981d0,0x00000000d5800000)
  to   space 1536K, 0% used [0x00000000d5800000,0x00000000d5800000,0x00000000d5980000)
 ParOldGen       total 1398272K, used 601248K [0x0000000080000000, 0x00000000d5580000, 0x00000000d5580000)
  object space 1398272K, 42% used [0x0000000080000000,0x00000000a4b282e0,0x00000000d5580000)
 Metaspace       used 70098K, committed 71680K, reserved 1114112K
  class space    used 8689K, committed 9408K, reserved 1048576K
}
Event: 4060.627 GC heap after
{Heap after GC invocations=1027 (full 3):
 PSYoungGen      total 2560K, used 1110K [0x00000000d5580000, 0x00000000d5980000, 0x0000000100000000)
  eden space 1024K, 0% used [0x00000000d5580000,0x00000000d5580000,0x00000000d5680000)
  from space 1536K, 72% used [0x00000000d5800000,0x00000000d5915a60,0x00000000d5980000)
  to   space 1536K, 0% used [0x00000000d5680000,0x00000000d5680000,0x00000000d5800000)
 ParOldGen       total 1398272K, used 602267K [0x0000000080000000, 0x00000000d5580000, 0x00000000d5580000)
  object space 1398272K, 43% used [0x0000000080000000,0x00000000a4c26f50,0x00000000d5580000)
 Metaspace       used 70098K, committed 71680K, reserved 1114112K
  class space    used 8689K, committed 9408K, reserved 1048576K
}
Event: 4061.260 GC heap before
{Heap before GC invocations=1028 (full 3):
 PSYoungGen      total 2560K, used 2076K [0x00000000d5580000, 0x00000000d5980000, 0x0000000100000000)
  eden space 1024K, 94% used [0x00000000d5580000,0x00000000d56718e0,0x00000000d5680000)
  from space 1536K, 72% used [0x00000000d5800000,0x00000000d5915a60,0x00000000d5980000)
  to   space 1536K, 0% used [0x00000000d5680000,0x00000000d5680000,0x00000000d5800000)
 ParOldGen       total 1398272K, used 602267K [0x0000000080000000, 0x00000000d5580000, 0x00000000d5580000)
  object space 1398272K, 43% used [0x0000000080000000,0x00000000a4c26f50,0x00000000d5580000)
 Metaspace       used 70098K, committed 71680K, reserved 1114112K
  class space    used 8689K, committed 9408K, reserved 1048576K
}
Event: 4061.266 GC heap after
{Heap after GC invocations=1028 (full 3):
 PSYoungGen      total 2560K, used 1027K [0x00000000d5580000, 0x00000000d5980000, 0x0000000100000000)
  eden space 1024K, 0% used [0x00000000d5580000,0x00000000d5580000,0x00000000d5680000)
  from space 1536K, 66% used [0x00000000d5680000,0x00000000d5780d18,0x00000000d5800000)
  to   space 1536K, 0% used [0x00000000d5800000,0x00000000d5800000,0x00000000d5980000)
 ParOldGen       total 1398272K, used 603280K [0x0000000080000000, 0x00000000d5580000, 0x00000000d5580000)
  object space 1398272K, 43% used [0x0000000080000000,0x00000000a4d24378,0x00000000d5580000)
 Metaspace       used 70098K, committed 71680K, reserved 1114112K
  class space    used 8689K, committed 9408K, reserved 1048576K
}
Event: 4061.547 GC heap before
{Heap before GC invocations=1029 (full 3):
 PSYoungGen      total 2560K, used 2030K [0x00000000d5580000, 0x00000000d5980000, 0x0000000100000000)
  eden space 1024K, 97% used [0x00000000d5580000,0x00000000d567ab38,0x00000000d5680000)
  from space 1536K, 66% used [0x00000000d5680000,0x00000000d5780d18,0x00000000d5800000)
  to   space 1536K, 0% used [0x00000000d5800000,0x00000000d5800000,0x00000000d5980000)
 ParOldGen       total 1398272K, used 603280K [0x0000000080000000, 0x00000000d5580000, 0x00000000d5580000)
  object space 1398272K, 43% used [0x0000000080000000,0x00000000a4d24378,0x00000000d5580000)
 Metaspace       used 70098K, committed 71680K, reserved 1114112K
  class space    used 8689K, committed 9408K, reserved 1048576K
}
Event: 4061.551 GC heap after
{Heap after GC invocations=1029 (full 3):
 PSYoungGen      total 2560K, used 1059K [0x00000000d5580000, 0x00000000d5980000, 0x0000000100000000)
  eden space 1024K, 0% used [0x00000000d5580000,0x00000000d5580000,0x00000000d5680000)
  from space 1536K, 68% used [0x00000000d5800000,0x00000000d5908d78,0x00000000d5980000)
  to   space 1536K, 0% used [0x00000000d5680000,0x00000000d5680000,0x00000000d5800000)
 ParOldGen       total 1398272K, used 604182K [0x0000000080000000, 0x00000000d5580000, 0x00000000d5580000)
  object space 1398272K, 43% used [0x0000000080000000,0x00000000a4e05af8,0x00000000d5580000)
 Metaspace       used 70098K, committed 71680K, reserved 1114112K
  class space    used 8689K, committed 9408K, reserved 1048576K
}
Event: 4061.847 GC heap before
{Heap before GC invocations=1030 (full 3):
 PSYoungGen      total 2560K, used 2083K [0x00000000d5580000, 0x00000000d5980000, 0x0000000100000000)
  eden space 1024K, 99% used [0x00000000d5580000,0x00000000d567fff8,0x00000000d5680000)
  from space 1536K, 68% used [0x00000000d5800000,0x00000000d5908d78,0x00000000d5980000)
  to   space 1536K, 0% used [0x00000000d5680000,0x00000000d5680000,0x00000000d5800000)
 ParOldGen       total 1398272K, used 604182K [0x0000000080000000, 0x00000000d5580000, 0x00000000d5580000)
  object space 1398272K, 43% used [0x0000000080000000,0x00000000a4e05af8,0x00000000d5580000)
 Metaspace       used 70098K, committed 71680K, reserved 1114112K
  class space    used 8689K, committed 9408K, reserved 1048576K
}
Event: 4061.853 GC heap after
{Heap after GC invocations=1030 (full 3):
 PSYoungGen      total 2560K, used 1119K [0x00000000d5580000, 0x00000000d5980000, 0x0000000100000000)
  eden space 1024K, 0% used [0x00000000d5580000,0x00000000d5580000,0x00000000d5680000)
  from space 1536K, 72% used [0x00000000d5680000,0x00000000d5797e88,0x00000000d5800000)
  to   space 1536K, 0% used [0x00000000d5800000,0x00000000d5800000,0x00000000d5980000)
 ParOldGen       total 1398272K, used 605164K [0x0000000080000000, 0x00000000d5580000, 0x00000000d5580000)
  object space 1398272K, 43% used [0x0000000080000000,0x00000000a4efb300,0x00000000d5580000)
 Metaspace       used 70098K, committed 71680K, reserved 1114112K
  class space    used 8689K, committed 9408K, reserved 1048576K
}
Event: 4061.918 GC heap before
{Heap before GC invocations=1031 (full 3):
 PSYoungGen      total 2560K, used 2143K [0x00000000d5580000, 0x00000000d5980000, 0x0000000100000000)
  eden space 1024K, 100% used [0x00000000d5580000,0x00000000d5680000,0x00000000d5680000)
  from space 1536K, 72% used [0x00000000d5680000,0x00000000d5797e88,0x00000000d5800000)
  to   space 1536K, 0% used [0x00000000d5800000,0x00000000d5800000,0x00000000d5980000)
 ParOldGen       total 1398272K, used 605164K [0x0000000080000000, 0x00000000d5580000, 0x00000000d5580000)
  object space 1398272K, 43% used [0x0000000080000000,0x00000000a4efb300,0x00000000d5580000)
 Metaspace       used 70098K, committed 71680K, reserved 1114112K
  class space    used 8689K, committed 9408K, reserved 1048576K
}
Event: 4061.923 GC heap after
{Heap after GC invocations=1031 (full 3):
 PSYoungGen      total 2048K, used 672K [0x00000000d5580000, 0x00000000d5900000, 0x0000000100000000)
  eden space 1024K, 0% used [0x00000000d5580000,0x00000000d5580000,0x00000000d5680000)
  from space 1024K, 65% used [0x00000000d5800000,0x00000000d58a8000,0x00000000d5900000)
  to   space 1024K, 0% used [0x00000000d5700000,0x00000000d5700000,0x00000000d5800000)
 ParOldGen       total 1398272K, used 606128K [0x0000000080000000, 0x00000000d5580000, 0x00000000d5580000)
  object space 1398272K, 43% used [0x0000000080000000,0x00000000a4fec110,0x00000000d5580000)
 Metaspace       used 70098K, committed 71680K, reserved 1114112K
  class space    used 8689K, committed 9408K, reserved 1048576K
}
Event: 4062.045 GC heap before
{Heap before GC invocations=1032 (full 3):
 PSYoungGen      total 2048K, used 1677K [0x00000000d5580000, 0x00000000d5900000, 0x0000000100000000)
  eden space 1024K, 98% used [0x00000000d5580000,0x00000000d567b748,0x00000000d5680000)
  from space 1024K, 65% used [0x00000000d5800000,0x00000000d58a8000,0x00000000d5900000)
  to   space 1024K, 0% used [0x00000000d5700000,0x00000000d5700000,0x00000000d5800000)
 ParOldGen       total 1398272K, used 606128K [0x0000000080000000, 0x00000000d5580000, 0x00000000d5580000)
  object space 1398272K, 43% used [0x0000000080000000,0x00000000a4fec110,0x00000000d5580000)
 Metaspace       used 70098K, committed 71680K, reserved 1114112K
  class space    used 8689K, committed 9408K, reserved 1048576K
}
Event: 4062.051 GC heap after
{Heap after GC invocations=1032 (full 3):
 PSYoungGen      total 2048K, used 608K [0x00000000d5580000, 0x00000000d5880000, 0x0000000100000000)
  eden space 1024K, 0% used [0x00000000d5580000,0x00000000d5580000,0x00000000d5680000)
  from space 1024K, 59% used [0x00000000d5700000,0x00000000d5798000,0x00000000d5800000)
  to   space 512K, 0% used [0x00000000d5800000,0x00000000d5800000,0x00000000d5880000)
 ParOldGen       total 1398272K, used 606725K [0x0000000080000000, 0x00000000d5580000, 0x00000000d5580000)
  object space 1398272K, 43% used [0x0000000080000000,0x00000000a5081660,0x00000000d5580000)
 Metaspace       used 70098K, committed 71680K, reserved 1114112K
  class space    used 8689K, committed 9408K, reserved 1048576K
}

